<?xml version="1.0" encoding="UTF-8"?>
<testsuite xmlns:xsi="http://www.w3.org/2001/XMLSchema-instance" xsi:noNamespaceSchemaLocation="https://maven.apache.org/surefire/maven-surefire-plugin/xsd/surefire-test-report.xsd" version="3.0.1" name="TestSuite" time="303.077" tests="3" errors="0" skipped="0" failures="3">
  <properties>
    <property name="java.specification.version" value="22"/>
    <property name="sun.cpu.isalist" value="amd64"/>
    <property name="sun.jnu.encoding" value="Cp1252"/>
    <property name="sun.awt.enableExtraMouseButtons" value="true"/>
    <property name="java.class.path" value="D:\Gov_Gurvinder\Main_Branch\target\test-classes;D:\Gov_Gurvinder\Main_Branch\target\classes;C:\Users\sjeldu\.m2\repository\io\cucumber\gherkin\28.0.0\gherkin-28.0.0.jar;C:\Users\sjeldu\.m2\repository\io\cucumber\messages\24.1.0\messages-24.1.0.jar;C:\Users\sjeldu\.m2\repository\org\seleniumhq\selenium\selenium-java\4.20.0\selenium-java-4.20.0.jar;C:\Users\sjeldu\.m2\repository\org\seleniumhq\selenium\selenium-api\4.20.0\selenium-api-4.20.0.jar;C:\Users\sjeldu\.m2\repository\org\seleniumhq\selenium\selenium-chrome-driver\4.20.0\selenium-chrome-driver-4.20.0.jar;C:\Users\sjeldu\.m2\repository\org\seleniumhq\selenium\selenium-chromium-driver\4.20.0\selenium-chromium-driver-4.20.0.jar;C:\Users\sjeldu\.m2\repository\org\seleniumhq\selenium\selenium-manager\4.20.0\selenium-manager-4.20.0.jar;C:\Users\sjeldu\.m2\repository\org\seleniumhq\selenium\selenium-devtools-v122\4.20.0\selenium-devtools-v122-4.20.0.jar;C:\Users\sjeldu\.m2\repository\org\seleniumhq\selenium\selenium-devtools-v123\4.20.0\selenium-devtools-v123-4.20.0.jar;C:\Users\sjeldu\.m2\repository\org\seleniumhq\selenium\selenium-devtools-v124\4.20.0\selenium-devtools-v124-4.20.0.jar;C:\Users\sjeldu\.m2\repository\org\seleniumhq\selenium\selenium-devtools-v85\4.20.0\selenium-devtools-v85-4.20.0.jar;C:\Users\sjeldu\.m2\repository\org\seleniumhq\selenium\selenium-edge-driver\4.20.0\selenium-edge-driver-4.20.0.jar;C:\Users\sjeldu\.m2\repository\org\seleniumhq\selenium\selenium-firefox-driver\4.20.0\selenium-firefox-driver-4.20.0.jar;C:\Users\sjeldu\.m2\repository\org\seleniumhq\selenium\selenium-http\4.20.0\selenium-http-4.20.0.jar;C:\Users\sjeldu\.m2\repository\dev\failsafe\failsafe\3.3.2\failsafe-3.3.2.jar;C:\Users\sjeldu\.m2\repository\org\seleniumhq\selenium\selenium-ie-driver\4.20.0\selenium-ie-driver-4.20.0.jar;C:\Users\sjeldu\.m2\repository\org\seleniumhq\selenium\selenium-remote-driver\4.20.0\selenium-remote-driver-4.20.0.jar;C:\Users\sjeldu\.m2\repository\io\opentelemetry\semconv\opentelemetry-semconv\1.25.0-alpha\opentelemetry-semconv-1.25.0-alpha.jar;C:\Users\sjeldu\.m2\repository\io\opentelemetry\opentelemetry-api\1.37.0\opentelemetry-api-1.37.0.jar;C:\Users\sjeldu\.m2\repository\io\opentelemetry\opentelemetry-context\1.37.0\opentelemetry-context-1.37.0.jar;C:\Users\sjeldu\.m2\repository\io\opentelemetry\opentelemetry-exporter-logging\1.37.0\opentelemetry-exporter-logging-1.37.0.jar;C:\Users\sjeldu\.m2\repository\io\opentelemetry\opentelemetry-sdk-common\1.37.0\opentelemetry-sdk-common-1.37.0.jar;C:\Users\sjeldu\.m2\repository\io\opentelemetry\opentelemetry-sdk-extension-autoconfigure-spi\1.37.0\opentelemetry-sdk-extension-autoconfigure-spi-1.37.0.jar;C:\Users\sjeldu\.m2\repository\io\opentelemetry\opentelemetry-sdk-extension-autoconfigure\1.37.0\opentelemetry-sdk-extension-autoconfigure-1.37.0.jar;C:\Users\sjeldu\.m2\repository\io\opentelemetry\opentelemetry-api-incubator\1.37.0-alpha\opentelemetry-api-incubator-1.37.0-alpha.jar;C:\Users\sjeldu\.m2\repository\io\opentelemetry\opentelemetry-sdk-trace\1.37.0\opentelemetry-sdk-trace-1.37.0.jar;C:\Users\sjeldu\.m2\repository\io\opentelemetry\opentelemetry-sdk\1.37.0\opentelemetry-sdk-1.37.0.jar;C:\Users\sjeldu\.m2\repository\io\opentelemetry\opentelemetry-sdk-metrics\1.37.0\opentelemetry-sdk-metrics-1.37.0.jar;C:\Users\sjeldu\.m2\repository\io\opentelemetry\opentelemetry-sdk-logs\1.37.0\opentelemetry-sdk-logs-1.37.0.jar;C:\Users\sjeldu\.m2\repository\org\seleniumhq\selenium\selenium-os\4.20.0\selenium-os-4.20.0.jar;C:\Users\sjeldu\.m2\repository\org\apache\commons\commons-exec\1.4.0\commons-exec-1.4.0.jar;C:\Users\sjeldu\.m2\repository\org\seleniumhq\selenium\selenium-safari-driver\4.20.0\selenium-safari-driver-4.20.0.jar;C:\Users\sjeldu\.m2\repository\org\seleniumhq\selenium\selenium-support\4.20.0\selenium-support-4.20.0.jar;C:\Users\sjeldu\.m2\repository\com\google\auto\service\auto-service-annotations\1.1.1\auto-service-annotations-1.1.1.jar;C:\Users\sjeldu\.m2\repository\com\google\guava\guava\33.1.0-jre\guava-33.1.0-jre.jar;C:\Users\sjeldu\.m2\repository\com\google\guava\failureaccess\1.0.2\failureaccess-1.0.2.jar;C:\Users\sjeldu\.m2\repository\com\google\guava\listenablefuture\9999.0-empty-to-avoid-conflict-with-guava\listenablefuture-9999.0-empty-to-avoid-conflict-with-guava.jar;C:\Users\sjeldu\.m2\repository\com\google\code\findbugs\jsr305\3.0.2\jsr305-3.0.2.jar;C:\Users\sjeldu\.m2\repository\org\checkerframework\checker-qual\3.42.0\checker-qual-3.42.0.jar;C:\Users\sjeldu\.m2\repository\com\google\errorprone\error_prone_annotations\2.26.1\error_prone_annotations-2.26.1.jar;C:\Users\sjeldu\.m2\repository\com\google\j2objc\j2objc-annotations\3.0.0\j2objc-annotations-3.0.0.jar;C:\Users\sjeldu\.m2\repository\net\bytebuddy\byte-buddy\1.14.14\byte-buddy-1.14.14.jar;C:\Users\sjeldu\.m2\repository\org\seleniumhq\selenium\selenium-json\4.20.0\selenium-json-4.20.0.jar;C:\Users\sjeldu\.m2\repository\org\apache\poi\poi\5.3.0\poi-5.3.0.jar;C:\Users\sjeldu\.m2\repository\commons-codec\commons-codec\1.17.0\commons-codec-1.17.0.jar;C:\Users\sjeldu\.m2\repository\org\apache\commons\commons-collections4\4.4\commons-collections4-4.4.jar;C:\Users\sjeldu\.m2\repository\org\apache\commons\commons-math3\3.6.1\commons-math3-3.6.1.jar;C:\Users\sjeldu\.m2\repository\commons-io\commons-io\2.16.1\commons-io-2.16.1.jar;C:\Users\sjeldu\.m2\repository\com\zaxxer\SparseBitSet\1.3\SparseBitSet-1.3.jar;C:\Users\sjeldu\.m2\repository\org\apache\logging\log4j\log4j-api\2.23.1\log4j-api-2.23.1.jar;C:\Users\sjeldu\.m2\repository\org\apache\poi\poi-ooxml\5.3.0\poi-ooxml-5.3.0.jar;C:\Users\sjeldu\.m2\repository\org\apache\poi\poi-ooxml-lite\5.3.0\poi-ooxml-lite-5.3.0.jar;C:\Users\sjeldu\.m2\repository\org\apache\xmlbeans\xmlbeans\5.2.1\xmlbeans-5.2.1.jar;C:\Users\sjeldu\.m2\repository\org\apache\commons\commons-compress\1.26.2\commons-compress-1.26.2.jar;C:\Users\sjeldu\.m2\repository\com\github\virtuald\curvesapi\1.08\curvesapi-1.08.jar;C:\Users\sjeldu\.m2\repository\io\cucumber\cucumber-java\7.17.0\cucumber-java-7.17.0.jar;C:\Users\sjeldu\.m2\repository\org\apiguardian\apiguardian-api\1.1.2\apiguardian-api-1.1.2.jar;C:\Users\sjeldu\.m2\repository\io\cucumber\cucumber-core\7.17.0\cucumber-core-7.17.0.jar;C:\Users\sjeldu\.m2\repository\io\cucumber\cucumber-gherkin\7.17.0\cucumber-gherkin-7.17.0.jar;C:\Users\sjeldu\.m2\repository\io\cucumber\cucumber-gherkin-messages\7.17.0\cucumber-gherkin-messages-7.17.0.jar;C:\Users\sjeldu\.m2\repository\io\cucumber\testng-xml-formatter\0.1.0\testng-xml-formatter-0.1.0.jar;C:\Users\sjeldu\.m2\repository\io\cucumber\query\12.2.0\query-12.2.0.jar;C:\Users\sjeldu\.m2\repository\io\cucumber\tag-expressions\6.1.0\tag-expressions-6.1.0.jar;C:\Users\sjeldu\.m2\repository\io\cucumber\cucumber-expressions\17.1.0\cucumber-expressions-17.1.0.jar;C:\Users\sjeldu\.m2\repository\io\cucumber\datatable\7.17.0\datatable-7.17.0.jar;C:\Users\sjeldu\.m2\repository\io\cucumber\cucumber-plugin\7.17.0\cucumber-plugin-7.17.0.jar;C:\Users\sjeldu\.m2\repository\io\cucumber\docstring\7.17.0\docstring-7.17.0.jar;C:\Users\sjeldu\.m2\repository\io\cucumber\html-formatter\21.3.1\html-formatter-21.3.1.jar;C:\Users\sjeldu\.m2\repository\io\cucumber\junit-xml-formatter\0.4.0\junit-xml-formatter-0.4.0.jar;C:\Users\sjeldu\.m2\repository\io\cucumber\ci-environment\10.0.1\ci-environment-10.0.1.jar;C:\Users\sjeldu\.m2\repository\io\cucumber\cucumber-testng\7.17.0\cucumber-testng-7.17.0.jar;C:\Users\sjeldu\.m2\repository\org\testng\testng\7.10.1\testng-7.10.1.jar;C:\Users\sjeldu\.m2\repository\org\slf4j\slf4j-api\1.7.36\slf4j-api-1.7.36.jar;C:\Users\sjeldu\.m2\repository\com\beust\jcommander\1.82\jcommander-1.82.jar;C:\Users\sjeldu\.m2\repository\org\webjars\jquery\3.7.1\jquery-3.7.1.jar;C:\Users\sjeldu\.m2\repository\com\aventstack\extentReports\5.0.8\extentReports-5.0.8.jar;C:\Users\sjeldu\.m2\repository\io\reactivex\rxjava3\rxjava\3.0.4\rxjava-3.0.4.jar;C:\Users\sjeldu\.m2\repository\org\reactivestreams\reactive-streams\1.0.3\reactive-streams-1.0.3.jar;C:\Users\sjeldu\.m2\repository\org\freemarker\freemarker\2.3.30\freemarker-2.3.30.jar;C:\Users\sjeldu\.m2\repository\com\google\code\gson\gson\2.8.6\gson-2.8.6.jar;C:\Users\sjeldu\.m2\repository\org\projectlombok\lombok\1.18.32\lombok-1.18.32.jar;C:\Users\sjeldu\.m2\repository\org\apache\commons\commons-lang3\3.14.0\commons-lang3-3.14.0.jar;C:\Users\sjeldu\.m2\repository\io\cucumber\cucumber-picocontainer\7.17.0\cucumber-picocontainer-7.17.0.jar;C:\Users\sjeldu\.m2\repository\org\picocontainer\picocontainer\2.15\picocontainer-2.15.jar;C:\Users\sjeldu\.m2\repository\io\qameta\allure\allure-cucumber7-jvm\2.24.0\allure-cucumber7-jvm-2.24.0.jar;C:\Users\sjeldu\.m2\repository\io\qameta\allure\allure-java-commons\2.24.0\allure-java-commons-2.24.0.jar;C:\Users\sjeldu\.m2\repository\io\qameta\allure\allure-model\2.24.0\allure-model-2.24.0.jar;C:\Users\sjeldu\.m2\repository\io\qameta\allure\allure-testng\2.24.0\allure-testng-2.24.0.jar;C:\Users\sjeldu\.m2\repository\io\qameta\allure\allure-test-filter\2.24.0\allure-test-filter-2.24.0.jar;C:\Users\sjeldu\.m2\repository\com\sun\mail\javax.mail\1.6.2\javax.mail-1.6.2.jar;C:\Users\sjeldu\.m2\repository\javax\activation\activation\1.1.1\activation-1.1.1.jar;C:\Users\sjeldu\.m2\repository\com\microsoft\graph\microsoft-graph\6.13.0\microsoft-graph-6.13.0.jar;C:\Users\sjeldu\.m2\repository\com\microsoft\graph\microsoft-graph-core\3.1.13\microsoft-graph-core-3.1.13.jar;C:\Users\sjeldu\.m2\repository\com\microsoft\kiota\microsoft-kiota-abstractions\1.1.13\microsoft-kiota-abstractions-1.1.13.jar;C:\Users\sjeldu\.m2\repository\io\github\std-uritemplate\std-uritemplate\0.0.57\std-uritemplate-0.0.57.jar;C:\Users\sjeldu\.m2\repository\com\squareup\okhttp3\okhttp\4.12.0\okhttp-4.12.0.jar;C:\Users\sjeldu\.m2\repository\com\squareup\okio\okio\3.6.0\okio-3.6.0.jar;C:\Users\sjeldu\.m2\repository\com\squareup\okio\okio-jvm\3.6.0\okio-jvm-3.6.0.jar;C:\Users\sjeldu\.m2\repository\org\jetbrains\kotlin\kotlin-stdlib-common\1.9.10\kotlin-stdlib-common-1.9.10.jar;C:\Users\sjeldu\.m2\repository\org\jetbrains\kotlin\kotlin-stdlib-jdk8\1.8.21\kotlin-stdlib-jdk8-1.8.21.jar;C:\Users\sjeldu\.m2\repository\org\jetbrains\kotlin\kotlin-stdlib\1.8.21\kotlin-stdlib-1.8.21.jar;C:\Users\sjeldu\.m2\repository\org\jetbrains\annotations\13.0\annotations-13.0.jar;C:\Users\sjeldu\.m2\repository\org\jetbrains\kotlin\kotlin-stdlib-jdk7\1.8.21\kotlin-stdlib-jdk7-1.8.21.jar;C:\Users\sjeldu\.m2\repository\jakarta\annotation\jakarta.annotation-api\2.1.1\jakarta.annotation-api-2.1.1.jar;C:\Users\sjeldu\.m2\repository\com\microsoft\kiota\microsoft-kiota-authentication-azure\1.1.13\microsoft-kiota-authentication-azure-1.1.13.jar;C:\Users\sjeldu\.m2\repository\com\microsoft\kiota\microsoft-kiota-http-okHttp\1.1.13\microsoft-kiota-http-okHttp-1.1.13.jar;C:\Users\sjeldu\.m2\repository\com\microsoft\kiota\microsoft-kiota-serialization-json\1.1.13\microsoft-kiota-serialization-json-1.1.13.jar;C:\Users\sjeldu\.m2\repository\com\microsoft\kiota\microsoft-kiota-serialization-text\1.1.13\microsoft-kiota-serialization-text-1.1.13.jar;C:\Users\sjeldu\.m2\repository\com\microsoft\kiota\microsoft-kiota-serialization-form\1.1.13\microsoft-kiota-serialization-form-1.1.13.jar;C:\Users\sjeldu\.m2\repository\com\microsoft\kiota\microsoft-kiota-serialization-multipart\1.1.13\microsoft-kiota-serialization-multipart-1.1.13.jar;C:\Users\sjeldu\.m2\repository\com\azure\azure-identity\1.13.2\azure-identity-1.13.2.jar;C:\Users\sjeldu\.m2\repository\com\azure\azure-core\1.51.0\azure-core-1.51.0.jar;C:\Users\sjeldu\.m2\repository\com\azure\azure-xml\1.1.0\azure-xml-1.1.0.jar;C:\Users\sjeldu\.m2\repository\com\fasterxml\jackson\core\jackson-annotations\2.17.2\jackson-annotations-2.17.2.jar;C:\Users\sjeldu\.m2\repository\com\fasterxml\jackson\core\jackson-core\2.17.2\jackson-core-2.17.2.jar;C:\Users\sjeldu\.m2\repository\com\fasterxml\jackson\core\jackson-databind\2.17.2\jackson-databind-2.17.2.jar;C:\Users\sjeldu\.m2\repository\com\fasterxml\jackson\datatype\jackson-datatype-jsr310\2.17.2\jackson-datatype-jsr310-2.17.2.jar;C:\Users\sjeldu\.m2\repository\io\projectreactor\reactor-core\3.4.38\reactor-core-3.4.38.jar;C:\Users\sjeldu\.m2\repository\com\azure\azure-core-http-netty\1.15.3\azure-core-http-netty-1.15.3.jar;C:\Users\sjeldu\.m2\repository\io\netty\netty-handler\4.1.110.Final\netty-handler-4.1.110.Final.jar;C:\Users\sjeldu\.m2\repository\io\netty\netty-resolver\4.1.110.Final\netty-resolver-4.1.110.Final.jar;C:\Users\sjeldu\.m2\repository\io\netty\netty-transport\4.1.110.Final\netty-transport-4.1.110.Final.jar;C:\Users\sjeldu\.m2\repository\io\netty\netty-handler-proxy\4.1.110.Final\netty-handler-proxy-4.1.110.Final.jar;C:\Users\sjeldu\.m2\repository\io\netty\netty-codec-socks\4.1.110.Final\netty-codec-socks-4.1.110.Final.jar;C:\Users\sjeldu\.m2\repository\io\netty\netty-buffer\4.1.110.Final\netty-buffer-4.1.110.Final.jar;C:\Users\sjeldu\.m2\repository\io\netty\netty-codec\4.1.110.Final\netty-codec-4.1.110.Final.jar;C:\Users\sjeldu\.m2\repository\io\netty\netty-codec-http\4.1.110.Final\netty-codec-http-4.1.110.Final.jar;C:\Users\sjeldu\.m2\repository\io\netty\netty-codec-http2\4.1.110.Final\netty-codec-http2-4.1.110.Final.jar;C:\Users\sjeldu\.m2\repository\io\netty\netty-transport-native-unix-common\4.1.110.Final\netty-transport-native-unix-common-4.1.110.Final.jar;C:\Users\sjeldu\.m2\repository\io\netty\netty-transport-native-epoll\4.1.110.Final\netty-transport-native-epoll-4.1.110.Final-linux-x86_64.jar;C:\Users\sjeldu\.m2\repository\io\netty\netty-transport-classes-epoll\4.1.110.Final\netty-transport-classes-epoll-4.1.110.Final.jar;C:\Users\sjeldu\.m2\repository\io\netty\netty-transport-native-kqueue\4.1.110.Final\netty-transport-native-kqueue-4.1.110.Final-osx-x86_64.jar;C:\Users\sjeldu\.m2\repository\io\netty\netty-transport-classes-kqueue\4.1.110.Final\netty-transport-classes-kqueue-4.1.110.Final.jar;C:\Users\sjeldu\.m2\repository\io\netty\netty-tcnative-boringssl-static\2.0.65.Final\netty-tcnative-boringssl-static-2.0.65.Final.jar;C:\Users\sjeldu\.m2\repository\io\netty\netty-tcnative-classes\2.0.65.Final\netty-tcnative-classes-2.0.65.Final.jar;C:\Users\sjeldu\.m2\repository\io\netty\netty-tcnative-boringssl-static\2.0.65.Final\netty-tcnative-boringssl-static-2.0.65.Final-linux-x86_64.jar;C:\Users\sjeldu\.m2\repository\io\netty\netty-tcnative-boringssl-static\2.0.65.Final\netty-tcnative-boringssl-static-2.0.65.Final-linux-aarch_64.jar;C:\Users\sjeldu\.m2\repository\io\netty\netty-tcnative-boringssl-static\2.0.65.Final\netty-tcnative-boringssl-static-2.0.65.Final-osx-x86_64.jar;C:\Users\sjeldu\.m2\repository\io\netty\netty-tcnative-boringssl-static\2.0.65.Final\netty-tcnative-boringssl-static-2.0.65.Final-osx-aarch_64.jar;C:\Users\sjeldu\.m2\repository\io\netty\netty-tcnative-boringssl-static\2.0.65.Final\netty-tcnative-boringssl-static-2.0.65.Final-windows-x86_64.jar;C:\Users\sjeldu\.m2\repository\io\projectreactor\netty\reactor-netty-http\1.0.45\reactor-netty-http-1.0.45.jar;C:\Users\sjeldu\.m2\repository\io\netty\netty-resolver-dns\4.1.109.Final\netty-resolver-dns-4.1.109.Final.jar;C:\Users\sjeldu\.m2\repository\io\netty\netty-codec-dns\4.1.109.Final\netty-codec-dns-4.1.109.Final.jar;C:\Users\sjeldu\.m2\repository\io\netty\netty-resolver-dns-native-macos\4.1.109.Final\netty-resolver-dns-native-macos-4.1.109.Final-osx-x86_64.jar;C:\Users\sjeldu\.m2\repository\io\netty\netty-resolver-dns-classes-macos\4.1.109.Final\netty-resolver-dns-classes-macos-4.1.109.Final.jar;C:\Users\sjeldu\.m2\repository\io\projectreactor\netty\reactor-netty-core\1.0.45\reactor-netty-core-1.0.45.jar;C:\Users\sjeldu\.m2\repository\io\netty\netty-common\4.1.110.Final\netty-common-4.1.110.Final.jar;C:\Users\sjeldu\.m2\repository\com\azure\azure-json\1.2.0\azure-json-1.2.0.jar;C:\Users\sjeldu\.m2\repository\com\microsoft\azure\msal4j\1.16.2\msal4j-1.16.2.jar;C:\Users\sjeldu\.m2\repository\com\nimbusds\oauth2-oidc-sdk\11.9.1\oauth2-oidc-sdk-11.9.1.jar;C:\Users\sjeldu\.m2\repository\com\github\stephenc\jcip\jcip-annotations\1.0-1\jcip-annotations-1.0-1.jar;C:\Users\sjeldu\.m2\repository\com\nimbusds\content-type\2.3\content-type-2.3.jar;C:\Users\sjeldu\.m2\repository\com\nimbusds\lang-tag\1.7\lang-tag-1.7.jar;C:\Users\sjeldu\.m2\repository\com\nimbusds\nimbus-jose-jwt\9.37.3\nimbus-jose-jwt-9.37.3.jar;C:\Users\sjeldu\.m2\repository\net\minidev\json-smart\2.5.0\json-smart-2.5.0.jar;C:\Users\sjeldu\.m2\repository\net\minidev\accessors-smart\2.5.0\accessors-smart-2.5.0.jar;C:\Users\sjeldu\.m2\repository\org\ow2\asm\asm\9.3\asm-9.3.jar;C:\Users\sjeldu\.m2\repository\com\microsoft\azure\msal4j-persistence-extension\1.3.0\msal4j-persistence-extension-1.3.0.jar;C:\Users\sjeldu\.m2\repository\net\java\dev\jna\jna\5.13.0\jna-5.13.0.jar;C:\Users\sjeldu\.m2\repository\net\java\dev\jna\jna-platform\5.6.0\jna-platform-5.6.0.jar;"/>
    <property name="java.vm.vendor" value="Oracle Corporation"/>
    <property name="sun.arch.data.model" value="64"/>
    <property name="user.variant" value=""/>
    <property name="java.vendor.url" value="https://java.oracle.com/"/>
    <property name="user.timezone" value="Asia/Calcutta"/>
    <property name="os.name" value="Windows 10"/>
    <property name="java.vm.specification.version" value="22"/>
    <property name="sun.java.launcher" value="SUN_STANDARD"/>
    <property name="user.country" value="CA"/>
    <property name="sun.boot.library.path" value="C:\Program Files\Java\jdk-22\bin"/>
    <property name="sun.java.command" value="C:\Users\sjeldu\AppData\Local\Temp\surefire7317535169157892965\surefirebooter-20241104110448742_3.jar C:\Users\sjeldu\AppData\Local\Temp\surefire7317535169157892965 2024-11-04T11-04-48_455-jvmRun1 surefire-20241104110448742_1tmp surefire_0-20241104110448742_2tmp"/>
    <property name="jdk.debug" value="release"/>
    <property name="surefire.test.class.path" value="D:\Gov_Gurvinder\Main_Branch\target\test-classes;D:\Gov_Gurvinder\Main_Branch\target\classes;C:\Users\sjeldu\.m2\repository\io\cucumber\gherkin\28.0.0\gherkin-28.0.0.jar;C:\Users\sjeldu\.m2\repository\io\cucumber\messages\24.1.0\messages-24.1.0.jar;C:\Users\sjeldu\.m2\repository\org\seleniumhq\selenium\selenium-java\4.20.0\selenium-java-4.20.0.jar;C:\Users\sjeldu\.m2\repository\org\seleniumhq\selenium\selenium-api\4.20.0\selenium-api-4.20.0.jar;C:\Users\sjeldu\.m2\repository\org\seleniumhq\selenium\selenium-chrome-driver\4.20.0\selenium-chrome-driver-4.20.0.jar;C:\Users\sjeldu\.m2\repository\org\seleniumhq\selenium\selenium-chromium-driver\4.20.0\selenium-chromium-driver-4.20.0.jar;C:\Users\sjeldu\.m2\repository\org\seleniumhq\selenium\selenium-manager\4.20.0\selenium-manager-4.20.0.jar;C:\Users\sjeldu\.m2\repository\org\seleniumhq\selenium\selenium-devtools-v122\4.20.0\selenium-devtools-v122-4.20.0.jar;C:\Users\sjeldu\.m2\repository\org\seleniumhq\selenium\selenium-devtools-v123\4.20.0\selenium-devtools-v123-4.20.0.jar;C:\Users\sjeldu\.m2\repository\org\seleniumhq\selenium\selenium-devtools-v124\4.20.0\selenium-devtools-v124-4.20.0.jar;C:\Users\sjeldu\.m2\repository\org\seleniumhq\selenium\selenium-devtools-v85\4.20.0\selenium-devtools-v85-4.20.0.jar;C:\Users\sjeldu\.m2\repository\org\seleniumhq\selenium\selenium-edge-driver\4.20.0\selenium-edge-driver-4.20.0.jar;C:\Users\sjeldu\.m2\repository\org\seleniumhq\selenium\selenium-firefox-driver\4.20.0\selenium-firefox-driver-4.20.0.jar;C:\Users\sjeldu\.m2\repository\org\seleniumhq\selenium\selenium-http\4.20.0\selenium-http-4.20.0.jar;C:\Users\sjeldu\.m2\repository\dev\failsafe\failsafe\3.3.2\failsafe-3.3.2.jar;C:\Users\sjeldu\.m2\repository\org\seleniumhq\selenium\selenium-ie-driver\4.20.0\selenium-ie-driver-4.20.0.jar;C:\Users\sjeldu\.m2\repository\org\seleniumhq\selenium\selenium-remote-driver\4.20.0\selenium-remote-driver-4.20.0.jar;C:\Users\sjeldu\.m2\repository\io\opentelemetry\semconv\opentelemetry-semconv\1.25.0-alpha\opentelemetry-semconv-1.25.0-alpha.jar;C:\Users\sjeldu\.m2\repository\io\opentelemetry\opentelemetry-api\1.37.0\opentelemetry-api-1.37.0.jar;C:\Users\sjeldu\.m2\repository\io\opentelemetry\opentelemetry-context\1.37.0\opentelemetry-context-1.37.0.jar;C:\Users\sjeldu\.m2\repository\io\opentelemetry\opentelemetry-exporter-logging\1.37.0\opentelemetry-exporter-logging-1.37.0.jar;C:\Users\sjeldu\.m2\repository\io\opentelemetry\opentelemetry-sdk-common\1.37.0\opentelemetry-sdk-common-1.37.0.jar;C:\Users\sjeldu\.m2\repository\io\opentelemetry\opentelemetry-sdk-extension-autoconfigure-spi\1.37.0\opentelemetry-sdk-extension-autoconfigure-spi-1.37.0.jar;C:\Users\sjeldu\.m2\repository\io\opentelemetry\opentelemetry-sdk-extension-autoconfigure\1.37.0\opentelemetry-sdk-extension-autoconfigure-1.37.0.jar;C:\Users\sjeldu\.m2\repository\io\opentelemetry\opentelemetry-api-incubator\1.37.0-alpha\opentelemetry-api-incubator-1.37.0-alpha.jar;C:\Users\sjeldu\.m2\repository\io\opentelemetry\opentelemetry-sdk-trace\1.37.0\opentelemetry-sdk-trace-1.37.0.jar;C:\Users\sjeldu\.m2\repository\io\opentelemetry\opentelemetry-sdk\1.37.0\opentelemetry-sdk-1.37.0.jar;C:\Users\sjeldu\.m2\repository\io\opentelemetry\opentelemetry-sdk-metrics\1.37.0\opentelemetry-sdk-metrics-1.37.0.jar;C:\Users\sjeldu\.m2\repository\io\opentelemetry\opentelemetry-sdk-logs\1.37.0\opentelemetry-sdk-logs-1.37.0.jar;C:\Users\sjeldu\.m2\repository\org\seleniumhq\selenium\selenium-os\4.20.0\selenium-os-4.20.0.jar;C:\Users\sjeldu\.m2\repository\org\apache\commons\commons-exec\1.4.0\commons-exec-1.4.0.jar;C:\Users\sjeldu\.m2\repository\org\seleniumhq\selenium\selenium-safari-driver\4.20.0\selenium-safari-driver-4.20.0.jar;C:\Users\sjeldu\.m2\repository\org\seleniumhq\selenium\selenium-support\4.20.0\selenium-support-4.20.0.jar;C:\Users\sjeldu\.m2\repository\com\google\auto\service\auto-service-annotations\1.1.1\auto-service-annotations-1.1.1.jar;C:\Users\sjeldu\.m2\repository\com\google\guava\guava\33.1.0-jre\guava-33.1.0-jre.jar;C:\Users\sjeldu\.m2\repository\com\google\guava\failureaccess\1.0.2\failureaccess-1.0.2.jar;C:\Users\sjeldu\.m2\repository\com\google\guava\listenablefuture\9999.0-empty-to-avoid-conflict-with-guava\listenablefuture-9999.0-empty-to-avoid-conflict-with-guava.jar;C:\Users\sjeldu\.m2\repository\com\google\code\findbugs\jsr305\3.0.2\jsr305-3.0.2.jar;C:\Users\sjeldu\.m2\repository\org\checkerframework\checker-qual\3.42.0\checker-qual-3.42.0.jar;C:\Users\sjeldu\.m2\repository\com\google\errorprone\error_prone_annotations\2.26.1\error_prone_annotations-2.26.1.jar;C:\Users\sjeldu\.m2\repository\com\google\j2objc\j2objc-annotations\3.0.0\j2objc-annotations-3.0.0.jar;C:\Users\sjeldu\.m2\repository\net\bytebuddy\byte-buddy\1.14.14\byte-buddy-1.14.14.jar;C:\Users\sjeldu\.m2\repository\org\seleniumhq\selenium\selenium-json\4.20.0\selenium-json-4.20.0.jar;C:\Users\sjeldu\.m2\repository\org\apache\poi\poi\5.3.0\poi-5.3.0.jar;C:\Users\sjeldu\.m2\repository\commons-codec\commons-codec\1.17.0\commons-codec-1.17.0.jar;C:\Users\sjeldu\.m2\repository\org\apache\commons\commons-collections4\4.4\commons-collections4-4.4.jar;C:\Users\sjeldu\.m2\repository\org\apache\commons\commons-math3\3.6.1\commons-math3-3.6.1.jar;C:\Users\sjeldu\.m2\repository\commons-io\commons-io\2.16.1\commons-io-2.16.1.jar;C:\Users\sjeldu\.m2\repository\com\zaxxer\SparseBitSet\1.3\SparseBitSet-1.3.jar;C:\Users\sjeldu\.m2\repository\org\apache\logging\log4j\log4j-api\2.23.1\log4j-api-2.23.1.jar;C:\Users\sjeldu\.m2\repository\org\apache\poi\poi-ooxml\5.3.0\poi-ooxml-5.3.0.jar;C:\Users\sjeldu\.m2\repository\org\apache\poi\poi-ooxml-lite\5.3.0\poi-ooxml-lite-5.3.0.jar;C:\Users\sjeldu\.m2\repository\org\apache\xmlbeans\xmlbeans\5.2.1\xmlbeans-5.2.1.jar;C:\Users\sjeldu\.m2\repository\org\apache\commons\commons-compress\1.26.2\commons-compress-1.26.2.jar;C:\Users\sjeldu\.m2\repository\com\github\virtuald\curvesapi\1.08\curvesapi-1.08.jar;C:\Users\sjeldu\.m2\repository\io\cucumber\cucumber-java\7.17.0\cucumber-java-7.17.0.jar;C:\Users\sjeldu\.m2\repository\org\apiguardian\apiguardian-api\1.1.2\apiguardian-api-1.1.2.jar;C:\Users\sjeldu\.m2\repository\io\cucumber\cucumber-core\7.17.0\cucumber-core-7.17.0.jar;C:\Users\sjeldu\.m2\repository\io\cucumber\cucumber-gherkin\7.17.0\cucumber-gherkin-7.17.0.jar;C:\Users\sjeldu\.m2\repository\io\cucumber\cucumber-gherkin-messages\7.17.0\cucumber-gherkin-messages-7.17.0.jar;C:\Users\sjeldu\.m2\repository\io\cucumber\testng-xml-formatter\0.1.0\testng-xml-formatter-0.1.0.jar;C:\Users\sjeldu\.m2\repository\io\cucumber\query\12.2.0\query-12.2.0.jar;C:\Users\sjeldu\.m2\repository\io\cucumber\tag-expressions\6.1.0\tag-expressions-6.1.0.jar;C:\Users\sjeldu\.m2\repository\io\cucumber\cucumber-expressions\17.1.0\cucumber-expressions-17.1.0.jar;C:\Users\sjeldu\.m2\repository\io\cucumber\datatable\7.17.0\datatable-7.17.0.jar;C:\Users\sjeldu\.m2\repository\io\cucumber\cucumber-plugin\7.17.0\cucumber-plugin-7.17.0.jar;C:\Users\sjeldu\.m2\repository\io\cucumber\docstring\7.17.0\docstring-7.17.0.jar;C:\Users\sjeldu\.m2\repository\io\cucumber\html-formatter\21.3.1\html-formatter-21.3.1.jar;C:\Users\sjeldu\.m2\repository\io\cucumber\junit-xml-formatter\0.4.0\junit-xml-formatter-0.4.0.jar;C:\Users\sjeldu\.m2\repository\io\cucumber\ci-environment\10.0.1\ci-environment-10.0.1.jar;C:\Users\sjeldu\.m2\repository\io\cucumber\cucumber-testng\7.17.0\cucumber-testng-7.17.0.jar;C:\Users\sjeldu\.m2\repository\org\testng\testng\7.10.1\testng-7.10.1.jar;C:\Users\sjeldu\.m2\repository\org\slf4j\slf4j-api\1.7.36\slf4j-api-1.7.36.jar;C:\Users\sjeldu\.m2\repository\com\beust\jcommander\1.82\jcommander-1.82.jar;C:\Users\sjeldu\.m2\repository\org\webjars\jquery\3.7.1\jquery-3.7.1.jar;C:\Users\sjeldu\.m2\repository\com\aventstack\extentReports\5.0.8\extentReports-5.0.8.jar;C:\Users\sjeldu\.m2\repository\io\reactivex\rxjava3\rxjava\3.0.4\rxjava-3.0.4.jar;C:\Users\sjeldu\.m2\repository\org\reactivestreams\reactive-streams\1.0.3\reactive-streams-1.0.3.jar;C:\Users\sjeldu\.m2\repository\org\freemarker\freemarker\2.3.30\freemarker-2.3.30.jar;C:\Users\sjeldu\.m2\repository\com\google\code\gson\gson\2.8.6\gson-2.8.6.jar;C:\Users\sjeldu\.m2\repository\org\projectlombok\lombok\1.18.32\lombok-1.18.32.jar;C:\Users\sjeldu\.m2\repository\org\apache\commons\commons-lang3\3.14.0\commons-lang3-3.14.0.jar;C:\Users\sjeldu\.m2\repository\io\cucumber\cucumber-picocontainer\7.17.0\cucumber-picocontainer-7.17.0.jar;C:\Users\sjeldu\.m2\repository\org\picocontainer\picocontainer\2.15\picocontainer-2.15.jar;C:\Users\sjeldu\.m2\repository\io\qameta\allure\allure-cucumber7-jvm\2.24.0\allure-cucumber7-jvm-2.24.0.jar;C:\Users\sjeldu\.m2\repository\io\qameta\allure\allure-java-commons\2.24.0\allure-java-commons-2.24.0.jar;C:\Users\sjeldu\.m2\repository\io\qameta\allure\allure-model\2.24.0\allure-model-2.24.0.jar;C:\Users\sjeldu\.m2\repository\io\qameta\allure\allure-testng\2.24.0\allure-testng-2.24.0.jar;C:\Users\sjeldu\.m2\repository\io\qameta\allure\allure-test-filter\2.24.0\allure-test-filter-2.24.0.jar;C:\Users\sjeldu\.m2\repository\com\sun\mail\javax.mail\1.6.2\javax.mail-1.6.2.jar;C:\Users\sjeldu\.m2\repository\javax\activation\activation\1.1.1\activation-1.1.1.jar;C:\Users\sjeldu\.m2\repository\com\microsoft\graph\microsoft-graph\6.13.0\microsoft-graph-6.13.0.jar;C:\Users\sjeldu\.m2\repository\com\microsoft\graph\microsoft-graph-core\3.1.13\microsoft-graph-core-3.1.13.jar;C:\Users\sjeldu\.m2\repository\com\microsoft\kiota\microsoft-kiota-abstractions\1.1.13\microsoft-kiota-abstractions-1.1.13.jar;C:\Users\sjeldu\.m2\repository\io\github\std-uritemplate\std-uritemplate\0.0.57\std-uritemplate-0.0.57.jar;C:\Users\sjeldu\.m2\repository\com\squareup\okhttp3\okhttp\4.12.0\okhttp-4.12.0.jar;C:\Users\sjeldu\.m2\repository\com\squareup\okio\okio\3.6.0\okio-3.6.0.jar;C:\Users\sjeldu\.m2\repository\com\squareup\okio\okio-jvm\3.6.0\okio-jvm-3.6.0.jar;C:\Users\sjeldu\.m2\repository\org\jetbrains\kotlin\kotlin-stdlib-common\1.9.10\kotlin-stdlib-common-1.9.10.jar;C:\Users\sjeldu\.m2\repository\org\jetbrains\kotlin\kotlin-stdlib-jdk8\1.8.21\kotlin-stdlib-jdk8-1.8.21.jar;C:\Users\sjeldu\.m2\repository\org\jetbrains\kotlin\kotlin-stdlib\1.8.21\kotlin-stdlib-1.8.21.jar;C:\Users\sjeldu\.m2\repository\org\jetbrains\annotations\13.0\annotations-13.0.jar;C:\Users\sjeldu\.m2\repository\org\jetbrains\kotlin\kotlin-stdlib-jdk7\1.8.21\kotlin-stdlib-jdk7-1.8.21.jar;C:\Users\sjeldu\.m2\repository\jakarta\annotation\jakarta.annotation-api\2.1.1\jakarta.annotation-api-2.1.1.jar;C:\Users\sjeldu\.m2\repository\com\microsoft\kiota\microsoft-kiota-authentication-azure\1.1.13\microsoft-kiota-authentication-azure-1.1.13.jar;C:\Users\sjeldu\.m2\repository\com\microsoft\kiota\microsoft-kiota-http-okHttp\1.1.13\microsoft-kiota-http-okHttp-1.1.13.jar;C:\Users\sjeldu\.m2\repository\com\microsoft\kiota\microsoft-kiota-serialization-json\1.1.13\microsoft-kiota-serialization-json-1.1.13.jar;C:\Users\sjeldu\.m2\repository\com\microsoft\kiota\microsoft-kiota-serialization-text\1.1.13\microsoft-kiota-serialization-text-1.1.13.jar;C:\Users\sjeldu\.m2\repository\com\microsoft\kiota\microsoft-kiota-serialization-form\1.1.13\microsoft-kiota-serialization-form-1.1.13.jar;C:\Users\sjeldu\.m2\repository\com\microsoft\kiota\microsoft-kiota-serialization-multipart\1.1.13\microsoft-kiota-serialization-multipart-1.1.13.jar;C:\Users\sjeldu\.m2\repository\com\azure\azure-identity\1.13.2\azure-identity-1.13.2.jar;C:\Users\sjeldu\.m2\repository\com\azure\azure-core\1.51.0\azure-core-1.51.0.jar;C:\Users\sjeldu\.m2\repository\com\azure\azure-xml\1.1.0\azure-xml-1.1.0.jar;C:\Users\sjeldu\.m2\repository\com\fasterxml\jackson\core\jackson-annotations\2.17.2\jackson-annotations-2.17.2.jar;C:\Users\sjeldu\.m2\repository\com\fasterxml\jackson\core\jackson-core\2.17.2\jackson-core-2.17.2.jar;C:\Users\sjeldu\.m2\repository\com\fasterxml\jackson\core\jackson-databind\2.17.2\jackson-databind-2.17.2.jar;C:\Users\sjeldu\.m2\repository\com\fasterxml\jackson\datatype\jackson-datatype-jsr310\2.17.2\jackson-datatype-jsr310-2.17.2.jar;C:\Users\sjeldu\.m2\repository\io\projectreactor\reactor-core\3.4.38\reactor-core-3.4.38.jar;C:\Users\sjeldu\.m2\repository\com\azure\azure-core-http-netty\1.15.3\azure-core-http-netty-1.15.3.jar;C:\Users\sjeldu\.m2\repository\io\netty\netty-handler\4.1.110.Final\netty-handler-4.1.110.Final.jar;C:\Users\sjeldu\.m2\repository\io\netty\netty-resolver\4.1.110.Final\netty-resolver-4.1.110.Final.jar;C:\Users\sjeldu\.m2\repository\io\netty\netty-transport\4.1.110.Final\netty-transport-4.1.110.Final.jar;C:\Users\sjeldu\.m2\repository\io\netty\netty-handler-proxy\4.1.110.Final\netty-handler-proxy-4.1.110.Final.jar;C:\Users\sjeldu\.m2\repository\io\netty\netty-codec-socks\4.1.110.Final\netty-codec-socks-4.1.110.Final.jar;C:\Users\sjeldu\.m2\repository\io\netty\netty-buffer\4.1.110.Final\netty-buffer-4.1.110.Final.jar;C:\Users\sjeldu\.m2\repository\io\netty\netty-codec\4.1.110.Final\netty-codec-4.1.110.Final.jar;C:\Users\sjeldu\.m2\repository\io\netty\netty-codec-http\4.1.110.Final\netty-codec-http-4.1.110.Final.jar;C:\Users\sjeldu\.m2\repository\io\netty\netty-codec-http2\4.1.110.Final\netty-codec-http2-4.1.110.Final.jar;C:\Users\sjeldu\.m2\repository\io\netty\netty-transport-native-unix-common\4.1.110.Final\netty-transport-native-unix-common-4.1.110.Final.jar;C:\Users\sjeldu\.m2\repository\io\netty\netty-transport-native-epoll\4.1.110.Final\netty-transport-native-epoll-4.1.110.Final-linux-x86_64.jar;C:\Users\sjeldu\.m2\repository\io\netty\netty-transport-classes-epoll\4.1.110.Final\netty-transport-classes-epoll-4.1.110.Final.jar;C:\Users\sjeldu\.m2\repository\io\netty\netty-transport-native-kqueue\4.1.110.Final\netty-transport-native-kqueue-4.1.110.Final-osx-x86_64.jar;C:\Users\sjeldu\.m2\repository\io\netty\netty-transport-classes-kqueue\4.1.110.Final\netty-transport-classes-kqueue-4.1.110.Final.jar;C:\Users\sjeldu\.m2\repository\io\netty\netty-tcnative-boringssl-static\2.0.65.Final\netty-tcnative-boringssl-static-2.0.65.Final.jar;C:\Users\sjeldu\.m2\repository\io\netty\netty-tcnative-classes\2.0.65.Final\netty-tcnative-classes-2.0.65.Final.jar;C:\Users\sjeldu\.m2\repository\io\netty\netty-tcnative-boringssl-static\2.0.65.Final\netty-tcnative-boringssl-static-2.0.65.Final-linux-x86_64.jar;C:\Users\sjeldu\.m2\repository\io\netty\netty-tcnative-boringssl-static\2.0.65.Final\netty-tcnative-boringssl-static-2.0.65.Final-linux-aarch_64.jar;C:\Users\sjeldu\.m2\repository\io\netty\netty-tcnative-boringssl-static\2.0.65.Final\netty-tcnative-boringssl-static-2.0.65.Final-osx-x86_64.jar;C:\Users\sjeldu\.m2\repository\io\netty\netty-tcnative-boringssl-static\2.0.65.Final\netty-tcnative-boringssl-static-2.0.65.Final-osx-aarch_64.jar;C:\Users\sjeldu\.m2\repository\io\netty\netty-tcnative-boringssl-static\2.0.65.Final\netty-tcnative-boringssl-static-2.0.65.Final-windows-x86_64.jar;C:\Users\sjeldu\.m2\repository\io\projectreactor\netty\reactor-netty-http\1.0.45\reactor-netty-http-1.0.45.jar;C:\Users\sjeldu\.m2\repository\io\netty\netty-resolver-dns\4.1.109.Final\netty-resolver-dns-4.1.109.Final.jar;C:\Users\sjeldu\.m2\repository\io\netty\netty-codec-dns\4.1.109.Final\netty-codec-dns-4.1.109.Final.jar;C:\Users\sjeldu\.m2\repository\io\netty\netty-resolver-dns-native-macos\4.1.109.Final\netty-resolver-dns-native-macos-4.1.109.Final-osx-x86_64.jar;C:\Users\sjeldu\.m2\repository\io\netty\netty-resolver-dns-classes-macos\4.1.109.Final\netty-resolver-dns-classes-macos-4.1.109.Final.jar;C:\Users\sjeldu\.m2\repository\io\projectreactor\netty\reactor-netty-core\1.0.45\reactor-netty-core-1.0.45.jar;C:\Users\sjeldu\.m2\repository\io\netty\netty-common\4.1.110.Final\netty-common-4.1.110.Final.jar;C:\Users\sjeldu\.m2\repository\com\azure\azure-json\1.2.0\azure-json-1.2.0.jar;C:\Users\sjeldu\.m2\repository\com\microsoft\azure\msal4j\1.16.2\msal4j-1.16.2.jar;C:\Users\sjeldu\.m2\repository\com\nimbusds\oauth2-oidc-sdk\11.9.1\oauth2-oidc-sdk-11.9.1.jar;C:\Users\sjeldu\.m2\repository\com\github\stephenc\jcip\jcip-annotations\1.0-1\jcip-annotations-1.0-1.jar;C:\Users\sjeldu\.m2\repository\com\nimbusds\content-type\2.3\content-type-2.3.jar;C:\Users\sjeldu\.m2\repository\com\nimbusds\lang-tag\1.7\lang-tag-1.7.jar;C:\Users\sjeldu\.m2\repository\com\nimbusds\nimbus-jose-jwt\9.37.3\nimbus-jose-jwt-9.37.3.jar;C:\Users\sjeldu\.m2\repository\net\minidev\json-smart\2.5.0\json-smart-2.5.0.jar;C:\Users\sjeldu\.m2\repository\net\minidev\accessors-smart\2.5.0\accessors-smart-2.5.0.jar;C:\Users\sjeldu\.m2\repository\org\ow2\asm\asm\9.3\asm-9.3.jar;C:\Users\sjeldu\.m2\repository\com\microsoft\azure\msal4j-persistence-extension\1.3.0\msal4j-persistence-extension-1.3.0.jar;C:\Users\sjeldu\.m2\repository\net\java\dev\jna\jna\5.13.0\jna-5.13.0.jar;C:\Users\sjeldu\.m2\repository\net\java\dev\jna\jna-platform\5.6.0\jna-platform-5.6.0.jar;"/>
    <property name="allure.results.directory" value="AllureReport/1730698490992"/>
    <property name="sun.cpu.endian" value="little"/>
    <property name="user.home" value="C:\Users\sjeldu"/>
    <property name="user.language" value="en"/>
    <property name="java.specification.vendor" value="Oracle Corporation"/>
    <property name="java.version.date" value="2024-04-16"/>
    <property name="java.home" value="C:\Program Files\Java\jdk-22"/>
    <property name="file.separator" value="\"/>
    <property name="basedir" value="D:\Gov_Gurvinder\Main_Branch"/>
    <property name="java.vm.compressedOopsMode" value="Zero based"/>
    <property name="line.separator" value="&#10;"/>
    <property name="java.vm.specification.vendor" value="Oracle Corporation"/>
    <property name="java.specification.name" value="Java Platform API Specification"/>
    <property name="surefire.real.class.path" value="C:\Users\sjeldu\AppData\Local\Temp\surefire7317535169157892965\surefirebooter-20241104110448742_3.jar"/>
    <property name="user.script" value=""/>
    <property name="sun.management.compiler" value="HotSpot 64-Bit Tiered Compilers"/>
    <property name="java.runtime.version" value="22.0.1+8-16"/>
    <property name="user.name" value="sjeldu"/>
    <property name="stdout.encoding" value="Cp1252"/>
    <property name="path.separator" value=";"/>
    <property name="os.version" value="10.0"/>
    <property name="java.runtime.name" value="Java(TM) SE Runtime Environment"/>
    <property name="file.encoding" value="UTF-8"/>
    <property name="java.vm.name" value="Java HotSpot(TM) 64-Bit Server VM"/>
    <property name="localRepository" value="C:\Users\sjeldu\.m2\repository"/>
    <property name="java.vendor.url.bug" value="https://bugreport.java.com/bugreport/"/>
    <property name="java.io.tmpdir" value="C:\Users\sjeldu\AppData\Local\Temp\"/>
    <property name="idea.version" value="2024.1.1"/>
    <property name="java.version" value="22.0.1"/>
    <property name="user.dir" value="D:\Gov_Gurvinder\Main_Branch"/>
    <property name="os.arch" value="amd64"/>
    <property name="java.vm.specification.name" value="Java Virtual Machine Specification"/>
    <property name="sun.os.patch.level" value=""/>
    <property name="native.encoding" value="Cp1252"/>
    <property name="java.library.path" value="C:\Program Files\Java\jdk-22\bin;C:\Windows\Sun\Java\bin;C:\Windows\system32;C:\Windows;C:\Program Files\Common Files\Oracle\Java\javapath;C:\Windows\system32;C:\Windows;C:\Windows\System32\Wbem;C:\Windows\System32\WindowsPowerShell\v1.0\;C:\Windows\System32\OpenSSH\;C:\Program Files\Git\cmd;C:\Users\sjeldu\scoop\shims;C:\Users\sjeldu\AppData\Local\Microsoft\WindowsApps;;."/>
    <property name="java.vm.info" value="mixed mode, sharing"/>
    <property name="stderr.encoding" value="Cp1252"/>
    <property name="java.vendor" value="Oracle Corporation"/>
    <property name="java.vm.version" value="22.0.1+8-16"/>
    <property name="Report_Path" value="D:\Gov_Gurvinder\Main_Branch\Reports\Report_04-11-2024_11-04-50"/>
    <property name="sun.io.unicode.encoding" value="UnicodeLittle"/>
    <property name="java.class.version" value="66.0"/>
  </properties>
  <testcase name="runScenario[&quot;RG_PF_LIS_BO_08_RG_PF_LIS_BO_09_RG_PF_LIS_BO_10_RG_PF_LIS_BO_11_RG_PF_LIS_BO_01_Validate user is able to create a new Location under Listing&quot;, &quot;Park and Facilities Listing GridScenarios&quot;](1)" classname="org.govstack.runner.TestRunner" time="79.178">
    <failure message="element click intercepted: Element &lt;button class=&quot;e-control e-btn e-lib e-primary&quot; style=&quot;border: 3px solid red;&quot;&gt;...&lt;/button&gt; is not clickable at point (1495, 237). Other element would receive the click: &lt;div class=&quot;e-control e-skeleton e-lib e-skeleton-rectangle e-shimmer-wave&quot; id=&quot;e-skeleton_26&quot; role=&quot;alert&quot; aria-busy=&quot;true&quot; aria-live=&quot;polite&quot; aria-label=&quot;Loading...&quot; style=&quot;width: 100%; height: 40vh;&quot;&gt;&lt;/div&gt;&#10;  (Session info: chrome=130.0.6723.92)&#10;Build info: version: &apos;4.20.0&apos;, revision: &apos;866c76ca80&apos;&#10;System info: os.name: &apos;Windows 10&apos;, os.arch: &apos;amd64&apos;, os.version: &apos;10.0&apos;, java.version: &apos;22.0.1&apos;&#10;Driver info: org.openqa.selenium.chrome.ChromeDriver&#10;Command: [071a0cebf1585901cb018d0fcc9bac62, clickElement {id=f.A9B2F9A724653BD7257A3B5EF08C7C4E.d.CEA8FA63599E5DEE49495AF6036B7317.e.26}]&#10;Capabilities {acceptInsecureCerts: false, browserName: chrome, browserVersion: 130.0.6723.92, chrome: {chromedriverVersion: 130.0.6723.91 (53ac07678369..., userDataDir: C:\Users\sjeldu\AppData\Loc...}, fedcm:accounts: true, goog:chromeOptions: {debuggerAddress: localhost:49594}, networkConnectionEnabled: false, pageLoadStrategy: normal, platformName: windows, proxy: Proxy(), se:cdp: ws://localhost:49594/devtoo..., se:cdpVersion: 130.0.6723.92, setWindowRect: true, strictFileInteractability: false, timeouts: {implicit: 0, pageLoad: 300000, script: 30000}, unhandledPromptBehavior: dismiss and notify, webauthn:extension:credBlob: true, webauthn:extension:largeBlob: true, webauthn:extension:minPinLength: true, webauthn:extension:prf: true, webauthn:virtualAuthenticators: true}&#10;Element: [[ChromeDriver: chrome on windows (071a0cebf1585901cb018d0fcc9bac62)] -&gt; xpath: //button[@class=&apos;e-control e-btn e-lib e-primary&apos;]]&#10;Session ID: 071a0cebf1585901cb018d0fcc9bac62" type="java.lang.AssertionError"><![CDATA[java.lang.AssertionError: 
element click intercepted: Element <button class="e-control e-btn e-lib e-primary" style="border: 3px solid red;">...</button> is not clickable at point (1495, 237). Other element would receive the click: <div class="e-control e-skeleton e-lib e-skeleton-rectangle e-shimmer-wave" id="e-skeleton_26" role="alert" aria-busy="true" aria-live="polite" aria-label="Loading..." style="width: 100%; height: 40vh;"></div>
  (Session info: chrome=130.0.6723.92)
Build info: version: '4.20.0', revision: '866c76ca80'
System info: os.name: 'Windows 10', os.arch: 'amd64', os.version: '10.0', java.version: '22.0.1'
Driver info: org.openqa.selenium.chrome.ChromeDriver
Command: [071a0cebf1585901cb018d0fcc9bac62, clickElement {id=f.A9B2F9A724653BD7257A3B5EF08C7C4E.d.CEA8FA63599E5DEE49495AF6036B7317.e.26}]
Capabilities {acceptInsecureCerts: false, browserName: chrome, browserVersion: 130.0.6723.92, chrome: {chromedriverVersion: 130.0.6723.91 (53ac07678369..., userDataDir: C:\Users\sjeldu\AppData\Loc...}, fedcm:accounts: true, goog:chromeOptions: {debuggerAddress: localhost:49594}, networkConnectionEnabled: false, pageLoadStrategy: normal, platformName: windows, proxy: Proxy(), se:cdp: ws://localhost:49594/devtoo..., se:cdpVersion: 130.0.6723.92, setWindowRect: true, strictFileInteractability: false, timeouts: {implicit: 0, pageLoad: 300000, script: 30000}, unhandledPromptBehavior: dismiss and notify, webauthn:extension:credBlob: true, webauthn:extension:largeBlob: true, webauthn:extension:minPinLength: true, webauthn:extension:prf: true, webauthn:virtualAuthenticators: true}
Element: [[ChromeDriver: chrome on windows (071a0cebf1585901cb018d0fcc9bac62)] -> xpath: //button[@class='e-control e-btn e-lib e-primary']]
Session ID: 071a0cebf1585901cb018d0fcc9bac62
	at org.testng.Assert.fail(Assert.java:111)
	at org.govstack.utils.CommonMethods.clickElement(CommonMethods.java:87)
	at org.govstack.pom.pf.pfListings.pages.PFListingsPage.clickAddLocation(PFListingsPage.java:34)
	at org.govstack.stepdefinition.pf.StepDefinitions_PF_Listings.user_selects_the_add_location(StepDefinitions_PF_Listings.java:104)
	at ✽.user selects the add location(file:///D:/Gov_Gurvinder/Main_Branch/src/main/resources/TestCases/Parks%20and%20Facilities/PF_Listings_Grid_TestCases.feature:15)
]]></failure>
    <system-out><![CDATA[
@RG_PF_LIS_BO_08
Scenario Outline: RG_PF_LIS_BO_08_RG_PF_LIS_BO_09_RG_PF_LIS_BO_10_RG_PF_LIS_BO_11_RG_PF_LIS_BO_01_Validate user is able to create a new Location under Listing &amp#27;[90m# src/main/resources/TestCases/Parks and Facilities/PF_Listings_Grid_TestCases.feature:22&amp#27;[0m
  &amp#27;[32mGiven &amp#27;[0m&amp#27;[32mLaunch and login Park and Facilities Back Office&amp#27;[0m                                                                                                       &amp#27;[90m# org.govstack.stepdefinition.pf.StepDefinitons_PF_Features.Launch_and_login_Park_and_Facilities_Back_Office()&amp#27;[0m
  &amp#27;[32mWhen &amp#27;[0m&amp#27;[32mUser Go to PF Listings tab&amp#27;[0m                                                                                                                              &amp#27;[90m# org.govstack.stepdefinition.pf.StepDefinitions_PF_Listings.user_go_to_listings_tab()&amp#27;[0m
  &amp#27;[31mAnd &amp#27;[0m&amp#27;[31muser selects the add location&amp#27;[0m                                                                                                                            &amp#27;[90m# org.govstack.stepdefinition.pf.StepDefinitions_PF_Listings.user_selects_the_add_location()&amp#27;[0m
      &amp#27;[31mjava.lang.AssertionError: element click intercepted: Element <button class="e-control e-btn e-lib e-primary" style="border: 3px solid red;">...</button> is not clickable at point (1495, 237). Other element would receive the click: <div class="e-control e-skeleton e-lib e-skeleton-rectangle e-shimmer-wave" id="e-skeleton_26" role="alert" aria-busy="true" aria-live="polite" aria-label="Loading..." style="width: 100%; height: 40vh;"></div>
  (Session info: chrome=130.0.6723.92)
Build info: version: '4.20.0', revision: '866c76ca80'
System info: os.name: 'Windows 10', os.arch: 'amd64', os.version: '10.0', java.version: '22.0.1'
Driver info: org.openqa.selenium.chrome.ChromeDriver
Command: [071a0cebf1585901cb018d0fcc9bac62, clickElement {id=f.A9B2F9A724653BD7257A3B5EF08C7C4E.d.CEA8FA63599E5DEE49495AF6036B7317.e.26}]
Capabilities {acceptInsecureCerts: false, browserName: chrome, browserVersion: 130.0.6723.92, chrome: {chromedriverVersion: 130.0.6723.91 (53ac07678369..., userDataDir: C:\Users\sjeldu\AppData\Loc...}, fedcm:accounts: true, goog:chromeOptions: {debuggerAddress: localhost:49594}, networkConnectionEnabled: false, pageLoadStrategy: normal, platformName: windows, proxy: Proxy(), se:cdp: ws://localhost:49594/devtoo..., se:cdpVersion: 130.0.6723.92, setWindowRect: true, strictFileInteractability: false, timeouts: {implicit: 0, pageLoad: 300000, script: 30000}, unhandledPromptBehavior: dismiss and notify, webauthn:extension:credBlob: true, webauthn:extension:largeBlob: true, webauthn:extension:minPinLength: true, webauthn:extension:prf: true, webauthn:virtualAuthenticators: true}
Element: [[ChromeDriver: chrome on windows (071a0cebf1585901cb018d0fcc9bac62)] -> xpath: //button[@class='e-control e-btn e-lib e-primary']]
Session ID: 071a0cebf1585901cb018d0fcc9bac62
	at org.testng.Assert.fail(Assert.java:111)
	at org.govstack.utils.CommonMethods.clickElement(CommonMethods.java:87)
	at org.govstack.pom.pf.pfListings.pages.PFListingsPage.clickAddLocation(PFListingsPage.java:34)
	at org.govstack.stepdefinition.pf.StepDefinitions_PF_Listings.user_selects_the_add_location(StepDefinitions_PF_Listings.java:104)
	at ✽.user selects the add location(file:///D:/Gov_Gurvinder/Main_Branch/src/main/resources/TestCases/Parks%20and%20Facilities/PF_Listings_Grid_TestCases.feature:15)
&amp#27;[0m
  &amp#27;[36mAnd &amp#27;[0m&amp#27;[36muser enters the general details &amp#27;[0m&amp#27;[36m&amp#27;[1m"RG_PF_LIS_BO_08"&amp#27;[0m                                                                                                        &amp#27;[90m# org.govstack.stepdefinition.pf.StepDefinitions_PF_Listings.user_enters_the_general_details(java.lang.String)&amp#27;[0m
  &amp#27;[36mAnd &amp#27;[0m&amp#27;[36muser enters the address details&amp#27;[0m                                                                                                                          &amp#27;[90m# org.govstack.stepdefinition.pf.StepDefinitions_PF_Listings.user_enters_the_address_details()&amp#27;[0m
  &amp#27;[36mAnd &amp#27;[0m&amp#27;[36muser enters the details details&amp#27;[0m                                                                                                                          &amp#27;[90m# org.govstack.stepdefinition.pf.StepDefinitions_PF_Listings.user_enters_the_details_details()&amp#27;[0m
  &amp#27;[36mThen &amp#27;[0m&amp#27;[36mlocation should be added&amp#27;[0m                                                                                                                                &amp#27;[90m# org.govstack.stepdefinition.pf.StepDefinitions_PF_Listings.location_should_be_added()&amp#27;[0m
]]></system-out>
    <system-err><![CDATA[SLF4J: Failed to load class "org.slf4j.impl.StaticLoggerBinder".
SLF4J: Defaulting to no-operation (NOP) logger implementation
SLF4J: See http://www.slf4j.org/codes.html#StaticLoggerBinder for further details.
Nov 04, 2024 11:04:56 A.M. org.openqa.selenium.devtools.CdpVersionFinder findNearestMatch
WARNING: Unable to find CDP implementation matching 130
Nov 04, 2024 11:04:56 A.M. org.openqa.selenium.chromium.ChromiumDriver lambda$new$5
WARNING: Unable to find version of CDP to use for 130.0.6723.92. You may need to include a dependency on a specific version of the CDP using something similar to `org.seleniumhq.selenium:selenium-devtools-v86:4.20.0` where the version ("v86") matches the version of the chromium-based browser you're using and the version number of the artifact is the same as Selenium's.
]]></system-err>
  </testcase>
  <testcase name="runScenario[&quot;RG_PF_LIS_BO_08_RG_PF_LIS_BO_09_RG_PF_LIS_BO_10_RG_PF_LIS_BO_11_RG_PF_LIS_BO_01_Validate user is able to create a new Location under Listing&quot;, &quot;Park and Facilities Listing GridScenarios&quot;](2)" classname="org.govstack.runner.TestRunner" time="157.049">
    <failure message="no such element: Unable to locate element: {&quot;method&quot;:&quot;xpath&quot;,&quot;selector&quot;:&quot;//*[@id=&quot;paf-installations-table_content_table&quot;]/tbody/tr/td[2]&quot;}&#10;  (Session info: chrome=130.0.6723.92)&#10;For documentation on this error, please visit: https://www.selenium.dev/documentation/webdriver/troubleshooting/errors#no-such-element-exception&#10;Build info: version: &apos;4.20.0&apos;, revision: &apos;866c76ca80&apos;&#10;System info: os.name: &apos;Windows 10&apos;, os.arch: &apos;amd64&apos;, os.version: &apos;10.0&apos;, java.version: &apos;22.0.1&apos;&#10;Driver info: org.openqa.selenium.chrome.ChromeDriver&#10;Command: [04e5b5de47ef32cd9d4d9c2398e838bd, findElement {value=//*[@id=&quot;paf-installations-table_content_table&quot;]/tbody/tr/td[2], using=xpath}]&#10;Capabilities {acceptInsecureCerts: false, browserName: chrome, browserVersion: 130.0.6723.92, chrome: {chromedriverVersion: 130.0.6723.91 (53ac07678369..., userDataDir: C:\Users\sjeldu\AppData\Loc...}, fedcm:accounts: true, goog:chromeOptions: {debuggerAddress: localhost:49836}, networkConnectionEnabled: false, pageLoadStrategy: normal, platformName: windows, proxy: Proxy(), se:cdp: ws://localhost:49836/devtoo..., se:cdpVersion: 130.0.6723.92, setWindowRect: true, strictFileInteractability: false, timeouts: {implicit: 0, pageLoad: 300000, script: 30000}, unhandledPromptBehavior: dismiss and notify, webauthn:extension:credBlob: true, webauthn:extension:largeBlob: true, webauthn:extension:minPinLength: true, webauthn:extension:prf: true, webauthn:virtualAuthenticators: true}&#10;Session ID: 04e5b5de47ef32cd9d4d9c2398e838bd" type="java.lang.AssertionError"><![CDATA[java.lang.AssertionError: 
no such element: Unable to locate element: {"method":"xpath","selector":"//*[@id="paf-installations-table_content_table"]/tbody/tr/td[2]"}
  (Session info: chrome=130.0.6723.92)
For documentation on this error, please visit: https://www.selenium.dev/documentation/webdriver/troubleshooting/errors#no-such-element-exception
Build info: version: '4.20.0', revision: '866c76ca80'
System info: os.name: 'Windows 10', os.arch: 'amd64', os.version: '10.0', java.version: '22.0.1'
Driver info: org.openqa.selenium.chrome.ChromeDriver
Command: [04e5b5de47ef32cd9d4d9c2398e838bd, findElement {value=//*[@id="paf-installations-table_content_table"]/tbody/tr/td[2], using=xpath}]
Capabilities {acceptInsecureCerts: false, browserName: chrome, browserVersion: 130.0.6723.92, chrome: {chromedriverVersion: 130.0.6723.91 (53ac07678369..., userDataDir: C:\Users\sjeldu\AppData\Loc...}, fedcm:accounts: true, goog:chromeOptions: {debuggerAddress: localhost:49836}, networkConnectionEnabled: false, pageLoadStrategy: normal, platformName: windows, proxy: Proxy(), se:cdp: ws://localhost:49836/devtoo..., se:cdpVersion: 130.0.6723.92, setWindowRect: true, strictFileInteractability: false, timeouts: {implicit: 0, pageLoad: 300000, script: 30000}, unhandledPromptBehavior: dismiss and notify, webauthn:extension:credBlob: true, webauthn:extension:largeBlob: true, webauthn:extension:minPinLength: true, webauthn:extension:prf: true, webauthn:virtualAuthenticators: true}
Session ID: 04e5b5de47ef32cd9d4d9c2398e838bd
	at org.testng.Assert.fail(Assert.java:111)
	at org.govstack.utils.CommonMethods.highlightElement(CommonMethods.java:62)
	at org.govstack.utils.CommonMethods.getElementText(CommonMethods.java:292)
	at org.govstack.pom.pf.pfListings.pages.PFListingsPage.validatePFListingCreated(PFListingsPage.java:92)
	at org.govstack.stepdefinition.pf.StepDefinitions_PF_Listings.location_should_be_added(StepDefinitions_PF_Listings.java:128)
	at ✽.location should be added(file:///D:/Gov_Gurvinder/Main_Branch/src/main/resources/TestCases/Parks%20and%20Facilities/PF_Listings_Grid_TestCases.feature:19)
]]></failure>
    <system-out><![CDATA[
@RG_PF_LIS_BO_08
Scenario Outline: RG_PF_LIS_BO_08_RG_PF_LIS_BO_09_RG_PF_LIS_BO_10_RG_PF_LIS_BO_11_RG_PF_LIS_BO_01_Validate user is able to create a new Location under Listing &amp#27;[90m# src/main/resources/TestCases/Parks and Facilities/PF_Listings_Grid_TestCases.feature:23&amp#27;[0m
  &amp#27;[32mGiven &amp#27;[0m&amp#27;[32mLaunch and login Park and Facilities Back Office&amp#27;[0m                                                                                                       &amp#27;[90m# org.govstack.stepdefinition.pf.StepDefinitons_PF_Features.Launch_and_login_Park_and_Facilities_Back_Office()&amp#27;[0m
  &amp#27;[32mWhen &amp#27;[0m&amp#27;[32mUser Go to PF Listings tab&amp#27;[0m                                                                                                                              &amp#27;[90m# org.govstack.stepdefinition.pf.StepDefinitions_PF_Listings.user_go_to_listings_tab()&amp#27;[0m
  &amp#27;[32mAnd &amp#27;[0m&amp#27;[32muser selects the add location&amp#27;[0m                                                                                                                            &amp#27;[90m# org.govstack.stepdefinition.pf.StepDefinitions_PF_Listings.user_selects_the_add_location()&amp#27;[0m
2024-11-04T05:37:09.005984400Z TestNG-PoolService-1 ERROR Log4j2 could not find a logging implementation. Please add log4j-core to the classpath. Using SimpleLogger to log to the console...
  &amp#27;[32mAnd &amp#27;[0m&amp#27;[32muser enters the general details &amp#27;[0m&amp#27;[32m&amp#27;[1m"RG_PF_LIS_BO_09"&amp#27;[0m                                                                                                        &amp#27;[90m# org.govstack.stepdefinition.pf.StepDefinitions_PF_Listings.user_enters_the_general_details(java.lang.String)&amp#27;[0m
  &amp#27;[32mAnd &amp#27;[0m&amp#27;[32muser enters the address details&amp#27;[0m                                                                                                                          &amp#27;[90m# org.govstack.stepdefinition.pf.StepDefinitions_PF_Listings.user_enters_the_address_details()&amp#27;[0m
  &amp#27;[32mAnd &amp#27;[0m&amp#27;[32muser enters the details details&amp#27;[0m                                                                                                                          &amp#27;[90m# org.govstack.stepdefinition.pf.StepDefinitions_PF_Listings.user_enters_the_details_details()&amp#27;[0m
  &amp#27;[31mThen &amp#27;[0m&amp#27;[31mlocation should be added&amp#27;[0m                                                                                                                                &amp#27;[90m# org.govstack.stepdefinition.pf.StepDefinitions_PF_Listings.location_should_be_added()&amp#27;[0m
      &amp#27;[31mjava.lang.AssertionError: no such element: Unable to locate element: {"method":"xpath","selector":"//*[@id="paf-installations-table_content_table"]/tbody/tr/td[2]"}
  (Session info: chrome=130.0.6723.92)
For documentation on this error, please visit: https://www.selenium.dev/documentation/webdriver/troubleshooting/errors#no-such-element-exception
Build info: version: '4.20.0', revision: '866c76ca80'
System info: os.name: 'Windows 10', os.arch: 'amd64', os.version: '10.0', java.version: '22.0.1'
Driver info: org.openqa.selenium.chrome.ChromeDriver
Command: [04e5b5de47ef32cd9d4d9c2398e838bd, findElement {value=//*[@id="paf-installations-table_content_table"]/tbody/tr/td[2], using=xpath}]
Capabilities {acceptInsecureCerts: false, browserName: chrome, browserVersion: 130.0.6723.92, chrome: {chromedriverVersion: 130.0.6723.91 (53ac07678369..., userDataDir: C:\Users\sjeldu\AppData\Loc...}, fedcm:accounts: true, goog:chromeOptions: {debuggerAddress: localhost:49836}, networkConnectionEnabled: false, pageLoadStrategy: normal, platformName: windows, proxy: Proxy(), se:cdp: ws://localhost:49836/devtoo..., se:cdpVersion: 130.0.6723.92, setWindowRect: true, strictFileInteractability: false, timeouts: {implicit: 0, pageLoad: 300000, script: 30000}, unhandledPromptBehavior: dismiss and notify, webauthn:extension:credBlob: true, webauthn:extension:largeBlob: true, webauthn:extension:minPinLength: true, webauthn:extension:prf: true, webauthn:virtualAuthenticators: true}
Session ID: 04e5b5de47ef32cd9d4d9c2398e838bd
	at org.testng.Assert.fail(Assert.java:111)
	at org.govstack.utils.CommonMethods.highlightElement(CommonMethods.java:62)
	at org.govstack.utils.CommonMethods.getElementText(CommonMethods.java:292)
	at org.govstack.pom.pf.pfListings.pages.PFListingsPage.validatePFListingCreated(PFListingsPage.java:92)
	at org.govstack.stepdefinition.pf.StepDefinitions_PF_Listings.location_should_be_added(StepDefinitions_PF_Listings.java:128)
	at ✽.location should be added(file:///D:/Gov_Gurvinder/Main_Branch/src/main/resources/TestCases/Parks%20and%20Facilities/PF_Listings_Grid_TestCases.feature:19)
&amp#27;[0m
]]></system-out>
    <system-err><![CDATA[Nov 04, 2024 11:06:12 A.M. org.openqa.selenium.devtools.CdpVersionFinder findNearestMatch
WARNING: Unable to find CDP implementation matching 130
Nov 04, 2024 11:06:12 A.M. org.openqa.selenium.chromium.ChromiumDriver lambda$new$5
WARNING: Unable to find version of CDP to use for 130.0.6723.92. You may need to include a dependency on a specific version of the CDP using something similar to `org.seleniumhq.selenium:selenium-devtools-v86:4.20.0` where the version ("v86") matches the version of the chromium-based browser you're using and the version number of the artifact is the same as Selenium's.
]]></system-err>
  </testcase>
  <testcase name="runScenario[&quot;RG_PF_LIS_BO_08_RG_PF_LIS_BO_09_RG_PF_LIS_BO_10_RG_PF_LIS_BO_11_RG_PF_LIS_BO_01_Validate user is able to create a new Location under Listing&quot;, &quot;Park and Facilities Listing GridScenarios&quot;](3)" classname="org.govstack.runner.TestRunner" time="58.002">
    <failure message="element click intercepted: Element &lt;button class=&quot;e-control e-btn e-lib e-primary&quot; style=&quot;border: 3px solid red;&quot;&gt;...&lt;/button&gt; is not clickable at point (1495, 237). Other element would receive the click: &lt;div class=&quot;e-control e-skeleton e-lib e-skeleton-rectangle e-shimmer-wave&quot; id=&quot;e-skeleton_26&quot; role=&quot;alert&quot; aria-busy=&quot;true&quot; aria-live=&quot;polite&quot; aria-label=&quot;Loading...&quot; style=&quot;width: 100%; height: 40vh;&quot;&gt;&lt;/div&gt;&#10;  (Session info: chrome=130.0.6723.92)&#10;Build info: version: &apos;4.20.0&apos;, revision: &apos;866c76ca80&apos;&#10;System info: os.name: &apos;Windows 10&apos;, os.arch: &apos;amd64&apos;, os.version: &apos;10.0&apos;, java.version: &apos;22.0.1&apos;&#10;Driver info: org.openqa.selenium.chrome.ChromeDriver&#10;Command: [2852882f158928f2166ce1249226562d, clickElement {id=f.3DD415FAFE6C2A9771D040A834C49244.d.6F138E83582C63F07C200C7ED01CE60F.e.13}]&#10;Capabilities {acceptInsecureCerts: false, browserName: chrome, browserVersion: 130.0.6723.92, chrome: {chromedriverVersion: 130.0.6723.91 (53ac07678369..., userDataDir: C:\Users\sjeldu\AppData\Loc...}, fedcm:accounts: true, goog:chromeOptions: {debuggerAddress: localhost:50129}, networkConnectionEnabled: false, pageLoadStrategy: normal, platformName: windows, proxy: Proxy(), se:cdp: ws://localhost:50129/devtoo..., se:cdpVersion: 130.0.6723.92, setWindowRect: true, strictFileInteractability: false, timeouts: {implicit: 0, pageLoad: 300000, script: 30000}, unhandledPromptBehavior: dismiss and notify, webauthn:extension:credBlob: true, webauthn:extension:largeBlob: true, webauthn:extension:minPinLength: true, webauthn:extension:prf: true, webauthn:virtualAuthenticators: true}&#10;Element: [[ChromeDriver: chrome on windows (2852882f158928f2166ce1249226562d)] -&gt; xpath: //button[@class=&apos;e-control e-btn e-lib e-primary&apos;]]&#10;Session ID: 2852882f158928f2166ce1249226562d" type="java.lang.AssertionError"><![CDATA[java.lang.AssertionError: 
element click intercepted: Element <button class="e-control e-btn e-lib e-primary" style="border: 3px solid red;">...</button> is not clickable at point (1495, 237). Other element would receive the click: <div class="e-control e-skeleton e-lib e-skeleton-rectangle e-shimmer-wave" id="e-skeleton_26" role="alert" aria-busy="true" aria-live="polite" aria-label="Loading..." style="width: 100%; height: 40vh;"></div>
  (Session info: chrome=130.0.6723.92)
Build info: version: '4.20.0', revision: '866c76ca80'
System info: os.name: 'Windows 10', os.arch: 'amd64', os.version: '10.0', java.version: '22.0.1'
Driver info: org.openqa.selenium.chrome.ChromeDriver
Command: [2852882f158928f2166ce1249226562d, clickElement {id=f.3DD415FAFE6C2A9771D040A834C49244.d.6F138E83582C63F07C200C7ED01CE60F.e.13}]
Capabilities {acceptInsecureCerts: false, browserName: chrome, browserVersion: 130.0.6723.92, chrome: {chromedriverVersion: 130.0.6723.91 (53ac07678369..., userDataDir: C:\Users\sjeldu\AppData\Loc...}, fedcm:accounts: true, goog:chromeOptions: {debuggerAddress: localhost:50129}, networkConnectionEnabled: false, pageLoadStrategy: normal, platformName: windows, proxy: Proxy(), se:cdp: ws://localhost:50129/devtoo..., se:cdpVersion: 130.0.6723.92, setWindowRect: true, strictFileInteractability: false, timeouts: {implicit: 0, pageLoad: 300000, script: 30000}, unhandledPromptBehavior: dismiss and notify, webauthn:extension:credBlob: true, webauthn:extension:largeBlob: true, webauthn:extension:minPinLength: true, webauthn:extension:prf: true, webauthn:virtualAuthenticators: true}
Element: [[ChromeDriver: chrome on windows (2852882f158928f2166ce1249226562d)] -> xpath: //button[@class='e-control e-btn e-lib e-primary']]
Session ID: 2852882f158928f2166ce1249226562d
	at org.testng.Assert.fail(Assert.java:111)
	at org.govstack.utils.CommonMethods.clickElement(CommonMethods.java:87)
	at org.govstack.pom.pf.pfListings.pages.PFListingsPage.clickAddLocation(PFListingsPage.java:34)
	at org.govstack.stepdefinition.pf.StepDefinitions_PF_Listings.user_selects_the_add_location(StepDefinitions_PF_Listings.java:104)
	at ✽.user selects the add location(file:///D:/Gov_Gurvinder/Main_Branch/src/main/resources/TestCases/Parks%20and%20Facilities/PF_Listings_Grid_TestCases.feature:15)
]]></failure>
    <system-out><![CDATA[
@RG_PF_LIS_BO_08
Scenario Outline: RG_PF_LIS_BO_08_RG_PF_LIS_BO_09_RG_PF_LIS_BO_10_RG_PF_LIS_BO_11_RG_PF_LIS_BO_01_Validate user is able to create a new Location under Listing &amp#27;[90m# src/main/resources/TestCases/Parks and Facilities/PF_Listings_Grid_TestCases.feature:24&amp#27;[0m
  &amp#27;[32mGiven &amp#27;[0m&amp#27;[32mLaunch and login Park and Facilities Back Office&amp#27;[0m                                                                                                       &amp#27;[90m# org.govstack.stepdefinition.pf.StepDefinitons_PF_Features.Launch_and_login_Park_and_Facilities_Back_Office()&amp#27;[0m
  &amp#27;[32mWhen &amp#27;[0m&amp#27;[32mUser Go to PF Listings tab&amp#27;[0m                                                                                                                              &amp#27;[90m# org.govstack.stepdefinition.pf.StepDefinitions_PF_Listings.user_go_to_listings_tab()&amp#27;[0m
  &amp#27;[31mAnd &amp#27;[0m&amp#27;[31muser selects the add location&amp#27;[0m                                                                                                                            &amp#27;[90m# org.govstack.stepdefinition.pf.StepDefinitions_PF_Listings.user_selects_the_add_location()&amp#27;[0m
      &amp#27;[31mjava.lang.AssertionError: element click intercepted: Element <button class="e-control e-btn e-lib e-primary" style="border: 3px solid red;">...</button> is not clickable at point (1495, 237). Other element would receive the click: <div class="e-control e-skeleton e-lib e-skeleton-rectangle e-shimmer-wave" id="e-skeleton_26" role="alert" aria-busy="true" aria-live="polite" aria-label="Loading..." style="width: 100%; height: 40vh;"></div>
  (Session info: chrome=130.0.6723.92)
Build info: version: '4.20.0', revision: '866c76ca80'
System info: os.name: 'Windows 10', os.arch: 'amd64', os.version: '10.0', java.version: '22.0.1'
Driver info: org.openqa.selenium.chrome.ChromeDriver
Command: [2852882f158928f2166ce1249226562d, clickElement {id=f.3DD415FAFE6C2A9771D040A834C49244.d.6F138E83582C63F07C200C7ED01CE60F.e.13}]
Capabilities {acceptInsecureCerts: false, browserName: chrome, browserVersion: 130.0.6723.92, chrome: {chromedriverVersion: 130.0.6723.91 (53ac07678369..., userDataDir: C:\Users\sjeldu\AppData\Loc...}, fedcm:accounts: true, goog:chromeOptions: {debuggerAddress: localhost:50129}, networkConnectionEnabled: false, pageLoadStrategy: normal, platformName: windows, proxy: Proxy(), se:cdp: ws://localhost:50129/devtoo..., se:cdpVersion: 130.0.6723.92, setWindowRect: true, strictFileInteractability: false, timeouts: {implicit: 0, pageLoad: 300000, script: 30000}, unhandledPromptBehavior: dismiss and notify, webauthn:extension:credBlob: true, webauthn:extension:largeBlob: true, webauthn:extension:minPinLength: true, webauthn:extension:prf: true, webauthn:virtualAuthenticators: true}
Element: [[ChromeDriver: chrome on windows (2852882f158928f2166ce1249226562d)] -> xpath: //button[@class='e-control e-btn e-lib e-primary']]
Session ID: 2852882f158928f2166ce1249226562d
	at org.testng.Assert.fail(Assert.java:111)
	at org.govstack.utils.CommonMethods.clickElement(CommonMethods.java:87)
	at org.govstack.pom.pf.pfListings.pages.PFListingsPage.clickAddLocation(PFListingsPage.java:34)
	at org.govstack.stepdefinition.pf.StepDefinitions_PF_Listings.user_selects_the_add_location(StepDefinitions_PF_Listings.java:104)
	at ✽.user selects the add location(file:///D:/Gov_Gurvinder/Main_Branch/src/main/resources/TestCases/Parks%20and%20Facilities/PF_Listings_Grid_TestCases.feature:15)
&amp#27;[0m
  &amp#27;[36mAnd &amp#27;[0m&amp#27;[36muser enters the general details &amp#27;[0m&amp#27;[36m&amp#27;[1m"RG_PF_LIS_BO_10"&amp#27;[0m                                                                                                        &amp#27;[90m# org.govstack.stepdefinition.pf.StepDefinitions_PF_Listings.user_enters_the_general_details(java.lang.String)&amp#27;[0m
  &amp#27;[36mAnd &amp#27;[0m&amp#27;[36muser enters the address details&amp#27;[0m                                                                                                                          &amp#27;[90m# org.govstack.stepdefinition.pf.StepDefinitions_PF_Listings.user_enters_the_address_details()&amp#27;[0m
  &amp#27;[36mAnd &amp#27;[0m&amp#27;[36muser enters the details details&amp#27;[0m                                                                                                                          &amp#27;[90m# org.govstack.stepdefinition.pf.StepDefinitions_PF_Listings.user_enters_the_details_details()&amp#27;[0m
  &amp#27;[36mThen &amp#27;[0m&amp#27;[36mlocation should be added&amp#27;[0m                                                                                                                                &amp#27;[90m# org.govstack.stepdefinition.pf.StepDefinitions_PF_Listings.location_should_be_added()&amp#27;[0m
]]></system-out>
    <system-err><![CDATA[Nov 04, 2024 11:08:49 A.M. org.openqa.selenium.devtools.CdpVersionFinder findNearestMatch
WARNING: Unable to find CDP implementation matching 130
Nov 04, 2024 11:08:49 A.M. org.openqa.selenium.chromium.ChromiumDriver lambda$new$5
WARNING: Unable to find version of CDP to use for 130.0.6723.92. You may need to include a dependency on a specific version of the CDP using something similar to `org.seleniumhq.selenium:selenium-devtools-v86:4.20.0` where the version ("v86") matches the version of the chromium-based browser you're using and the version number of the artifact is the same as Selenium's.
]]></system-err>
  </testcase>
</testsuite>