<?xml version="1.0" encoding="UTF-8"?>
<!-- Generated by org.testng.reporters.JUnitReportReporter -->
<testsuite hostname="ACAC-GSSC-025" failures="0" tests="1" name="org.govstack.TestRunner.TestRunner" time="373.149" errors="0" timestamp="2024-05-27T11:48:46 IST" skipped="0">
  <testcase classname="org.govstack.TestRunner.TestRunner" name="runScenario" time="373.149"/>
</testsuite> <!-- org.govstack.TestRunner.TestRunner -->
